<?xml version="1.0" encoding="UTF-8"?>
<!-- Generated by org.testng.reporters.JUnitXMLReporter -->
<testsuite hostname="Gokul" name="Test1" tests="1" failures="1" timestamp="5 Jan 2020 06:19:12 GMT" time="0.033" errors="0">
  <testcase name="tc1" time="0.025" classname="org.cts.test1.Launch1">
    <failure type="org.openqa.selenium.WebDriverException" message="Cannot find firefox binary in PATH. Make sure firefox is installed. OS appears to be: WIN10
Build info: version: &amp;apos;3.141.59&amp;apos;, revision: &amp;apos;e82be7d358&amp;apos;, time: &amp;apos;2018-11-14T08:25:53&amp;apos;
System info: host: &amp;apos;GOKUL&amp;apos;, ip: &amp;apos;192.168.0.151&amp;apos;, os.name: &amp;apos;Windows 10&amp;apos;, os.arch: &amp;apos;amd64&amp;apos;, os.version: &amp;apos;10.0&amp;apos;, java.version: &amp;apos;1.8.0_231&amp;apos;
Driver info: driver.version: FirefoxDriver">
      <![CDATA[org.openqa.selenium.WebDriverException: Cannot find firefox binary in PATH. Make sure firefox is installed. OS appears to be: WIN10
Build info: version: '3.141.59', revision: 'e82be7d358', time: '2018-11-14T08:25:53'
System info: host: 'GOKUL', ip: '192.168.0.151', os.name: 'Windows 10', os.arch: 'amd64', os.version: '10.0', java.version: '1.8.0_231'
Driver info: driver.version: FirefoxDriver
	at org.openqa.selenium.firefox.FirefoxBinary.<init>(FirefoxBinary.java:100)
	at java.util.Optional.orElseGet(Unknown Source)
	at org.openqa.selenium.firefox.FirefoxOptions.getBinary(FirefoxOptions.java:216)
	at org.openqa.selenium.firefox.FirefoxDriver.toExecutor(FirefoxDriver.java:187)
	at org.openqa.selenium.firefox.FirefoxDriver.<init>(FirefoxDriver.java:147)
	at org.openqa.selenium.firefox.FirefoxDriver.<init>(FirefoxDriver.java:125)
	at org.cts.test1.Launch1.tc1(Launch1.java:33)
... Removed 24 stack frames]]>
    </failure>
  </testcase> <!-- tc1 -->
</testsuite> <!-- Test1 -->
